{"C:\\Users\\n\\OneDrive\\Desktop\\withinMancity\\app\\(tabs)\\Fixture.jsx": {"path":"C:\\Users\\n\\OneDrive\\Desktop\\withinMancity\\app\\(tabs)\\Fixture.jsx","statementMap":{"0":{"start":{"line":5,"column":16},"end":{"line":123,"column":1}},"1":{"start":{"line":6,"column":34},"end":{"line":6,"column":46}},"2":{"start":{"line":7,"column":32},"end":{"line":7,"column":46}},"3":{"start":{"line":8,"column":28},"end":{"line":8,"column":42}},"4":{"start":{"line":9,"column":36},"end":{"line":9,"column":56}},"5":{"start":{"line":10,"column":38},"end":{"line":10,"column":53}},"6":{"start":{"line":12,"column":2},"end":{"line":14,"column":18}},"7":{"start":{"line":13,"column":4},"end":{"line":13,"column":20}},"8":{"start":{"line":16,"column":24},"end":{"line":31,"column":3}},"9":{"start":{"line":17,"column":4},"end":{"line":30,"column":5}},"10":{"start":{"line":18,"column":6},"end":{"line":18,"column":23}},"11":{"start":{"line":19,"column":23},"end":{"line":21,"column":59}},"12":{"start":{"line":22,"column":6},"end":{"line":22,"column":47}},"13":{"start":{"line":23,"column":6},"end":{"line":23,"column":21}},"14":{"start":{"line":25,"column":6},"end":{"line":25,"column":41}},"15":{"start":{"line":26,"column":6},"end":{"line":26,"column":43}},"16":{"start":{"line":28,"column":6},"end":{"line":28,"column":24}},"17":{"start":{"line":29,"column":6},"end":{"line":29,"column":27}},"18":{"start":{"line":33,"column":20},"end":{"line":36,"column":3}},"19":{"start":{"line":34,"column":4},"end":{"line":34,"column":24}},"20":{"start":{"line":35,"column":4},"end":{"line":35,"column":20}},"21":{"start":{"line":38,"column":21},"end":{"line":44,"column":3}},"22":{"start":{"line":39,"column":4},"end":{"line":43,"column":16}},"23":{"start":{"line":46,"column":2},"end":{"line":53,"column":3}},"24":{"start":{"line":47,"column":4},"end":{"line":52,"column":6}},"25":{"start":{"line":55,"column":2},"end":{"line":122,"column":4}},"26":{"start":{"line":61,"column":25},"end":{"line":61,"column":49}},"27":{"start":{"line":66,"column":25},"end":{"line":66,"column":47}},"28":{"start":{"line":79,"column":32},"end":{"line":79,"column":50}},"29":{"start":{"line":81,"column":10},"end":{"line":115,"column":17}}},"fnMap":{"0":{"name":"(anonymous_0)","decl":{"start":{"line":5,"column":16},"end":{"line":5,"column":17}},"loc":{"start":{"line":5,"column":22},"end":{"line":123,"column":1}},"line":5},"1":{"name":"(anonymous_1)","decl":{"start":{"line":12,"column":12},"end":{"line":12,"column":13}},"loc":{"start":{"line":12,"column":18},"end":{"line":14,"column":3}},"line":12},"2":{"name":"(anonymous_2)","decl":{"start":{"line":16,"column":24},"end":{"line":16,"column":25}},"loc":{"start":{"line":16,"column":36},"end":{"line":31,"column":3}},"line":16},"3":{"name":"(anonymous_3)","decl":{"start":{"line":33,"column":20},"end":{"line":33,"column":21}},"loc":{"start":{"line":33,"column":26},"end":{"line":36,"column":3}},"line":33},"4":{"name":"(anonymous_4)","decl":{"start":{"line":38,"column":21},"end":{"line":38,"column":22}},"loc":{"start":{"line":39,"column":4},"end":{"line":43,"column":16}},"line":39},"5":{"name":"(anonymous_5)","decl":{"start":{"line":61,"column":19},"end":{"line":61,"column":20}},"loc":{"start":{"line":61,"column":25},"end":{"line":61,"column":49}},"line":61},"6":{"name":"(anonymous_6)","decl":{"start":{"line":66,"column":19},"end":{"line":66,"column":20}},"loc":{"start":{"line":66,"column":25},"end":{"line":66,"column":47}},"line":66},"7":{"name":"(anonymous_7)","decl":{"start":{"line":79,"column":22},"end":{"line":79,"column":23}},"loc":{"start":{"line":79,"column":32},"end":{"line":79,"column":50}},"line":79},"8":{"name":"(anonymous_8)","decl":{"start":{"line":80,"column":20},"end":{"line":80,"column":21}},"loc":{"start":{"line":81,"column":10},"end":{"line":115,"column":17}},"line":81}},"branchMap":{"0":{"loc":{"start":{"line":19,"column":23},"end":{"line":21,"column":59}},"type":"cond-expr","locations":[{"start":{"line":20,"column":10},"end":{"line":20,"column":54}},{"start":{"line":21,"column":10},"end":{"line":21,"column":59}}],"line":19},"1":{"loc":{"start":{"line":22,"column":18},"end":{"line":22,"column":45}},"type":"binary-expr","locations":[{"start":{"line":22,"column":18},"end":{"line":22,"column":39}},{"start":{"line":22,"column":43},"end":{"line":22,"column":45}}],"line":22},"2":{"loc":{"start":{"line":41,"column":43},"end":{"line":41,"column":85}},"type":"cond-expr","locations":[{"start":{"line":41,"column":54},"end":{"line":41,"column":68}},{"start":{"line":41,"column":71},"end":{"line":41,"column":85}}],"line":41},"3":{"loc":{"start":{"line":42,"column":51},"end":{"line":42,"column":105}},"type":"cond-expr","locations":[{"start":{"line":42,"column":62},"end":{"line":42,"column":87}},{"start":{"line":42,"column":90},"end":{"line":42,"column":105}}],"line":42},"4":{"loc":{"start":{"line":46,"column":2},"end":{"line":53,"column":3}},"type":"if","locations":[{"start":{"line":46,"column":2},"end":{"line":53,"column":3}},{"start":{},"end":{}}],"line":46},"5":{"loc":{"start":{"line":46,"column":6},"end":{"line":46,"column":28}},"type":"binary-expr","locations":[{"start":{"line":46,"column":6},"end":{"line":46,"column":13}},{"start":{"line":46,"column":17},"end":{"line":46,"column":28}}],"line":46},"6":{"loc":{"start":{"line":70,"column":7},"end":{"line":74,"column":14}},"type":"cond-expr","locations":[{"start":{"line":71,"column":8},"end":{"line":73,"column":15}},{"start":{"line":74,"column":10},"end":{"line":74,"column":14}}],"line":70},"7":{"loc":{"start":{"line":92,"column":61},"end":{"line":92,"column":162}},"type":"cond-expr","locations":[{"start":{"line":92,"column":108},"end":{"line":92,"column":134}},{"start":{"line":92,"column":137},"end":{"line":92,"column":162}}],"line":92},"8":{"loc":{"start":{"line":103,"column":40},"end":{"line":103,"column":141}},"type":"cond-expr","locations":[{"start":{"line":103,"column":87},"end":{"line":103,"column":113}},{"start":{"line":103,"column":116},"end":{"line":103,"column":141}}],"line":103},"9":{"loc":{"start":{"line":108,"column":13},"end":{"line":114,"column":13}},"type":"binary-expr","locations":[{"start":{"line":108,"column":13},"end":{"line":108,"column":24}},{"start":{"line":108,"column":28},"end":{"line":108,"column":60}},{"start":{"line":109,"column":14},"end":{"line":113,"column":21}}],"line":108}},"s":{"0":1,"1":24,"2":24,"3":24,"4":24,"5":24,"6":24,"7":5,"8":24,"9":5,"10":5,"11":5,"12":4,"13":4,"14":1,"15":1,"16":5,"17":5,"18":24,"19":0,"20":0,"21":24,"22":22,"23":24,"24":13,"25":11,"26":0,"27":1,"28":9,"29":5},"f":{"0":24,"1":5,"2":5,"3":0,"4":22,"5":0,"6":1,"7":9,"8":5},"b":{"0":[4,1],"1":[4,0],"2":[11,11],"3":[11,11],"4":[13,11],"5":[24,13],"6":[2,9],"7":[5,0],"8":[0,5],"9":[5,5,0]},"_coverageSchema":"1a1c01bbd47fc00a2c39e90264f33305004495a9","hash":"a9b7dea89f593ff7eb9732e9fff2f354ec14b411"}
,"C:\\Users\\n\\OneDrive\\Desktop\\withinMancity\\assets\\images\\mancity.png": {"path":"C:\\Users\\n\\OneDrive\\Desktop\\withinMancity\\assets\\images\\mancity.png","statementMap":{"0":{"start":{"line":1,"column":0},"end":{"line":4,"column":6}}},"fnMap":{},"branchMap":{},"s":{"0":1},"f":{},"b":{},"_coverageSchema":"1a1c01bbd47fc00a2c39e90264f33305004495a9","hash":"adda8754d8c00318167abff80e5cee11c89cc729"}
,"C:\\Users\\n\\OneDrive\\Desktop\\withinMancity\\components\\Form\\CustomTextInput.tsx": {"path":"C:\\Users\\n\\OneDrive\\Desktop\\withinMancity\\components\\Form\\CustomTextInput.tsx","statementMap":{"0":{"start":{"line":14,"column":56},"end":{"line":37,"column":1}},"1":{"start":{"line":22,"column":2},"end":{"line":36,"column":4}}},"fnMap":{"0":{"name":"(anonymous_0)","decl":{"start":{"line":14,"column":56},"end":{"line":14,"column":57}},"loc":{"start":{"line":21,"column":6},"end":{"line":37,"column":1}},"line":21}},"branchMap":{"0":{"loc":{"start":{"line":19,"column":2},"end":{"line":19,"column":25}},"type":"default-arg","locations":[{"start":{"line":19,"column":20},"end":{"line":19,"column":25}}],"line":19},"1":{"loc":{"start":{"line":20,"column":2},"end":{"line":20,"column":26}},"type":"default-arg","locations":[{"start":{"line":20,"column":17},"end":{"line":20,"column":26}}],"line":20}},"s":{"0":2,"1":37},"f":{"0":37},"b":{"0":[23],"1":[23]},"_coverageSchema":"1a1c01bbd47fc00a2c39e90264f33305004495a9","hash":"2f963343396e74ae28844dc349396b8d2bd77537"}
,"C:\\Users\\n\\OneDrive\\Desktop\\withinMancity\\components\\Form\\Login.tsx": {"path":"C:\\Users\\n\\OneDrive\\Desktop\\withinMancity\\components\\Form\\Login.tsx","statementMap":{"0":{"start":{"line":19,"column":28},"end":{"line":19,"column":40}},"1":{"start":{"line":20,"column":34},"end":{"line":20,"column":46}},"2":{"start":{"line":22,"column":23},"end":{"line":46,"column":3}},"3":{"start":{"line":23,"column":4},"end":{"line":26,"column":5}},"4":{"start":{"line":24,"column":6},"end":{"line":24,"column":57}},"5":{"start":{"line":25,"column":6},"end":{"line":25,"column":13}},"6":{"start":{"line":28,"column":4},"end":{"line":45,"column":5}},"7":{"start":{"line":29,"column":24},"end":{"line":29,"column":69}},"8":{"start":{"line":30,"column":20},"end":{"line":30,"column":58}},"9":{"start":{"line":32,"column":19},"end":{"line":34,"column":7}},"10":{"start":{"line":33,"column":52},"end":{"line":33,"column":69}},"11":{"start":{"line":36,"column":6},"end":{"line":42,"column":7}},"12":{"start":{"line":37,"column":8},"end":{"line":41,"column":9}},"13":{"start":{"line":38,"column":10},"end":{"line":38,"column":70}},"14":{"start":{"line":40,"column":10},"end":{"line":40,"column":48}},"15":{"start":{"line":44,"column":6},"end":{"line":44,"column":43}},"16":{"start":{"line":48,"column":2},"end":{"line":94,"column":4}}},"fnMap":{"0":{"name":"Login","decl":{"start":{"line":18,"column":24},"end":{"line":18,"column":29}},"loc":{"start":{"line":18,"column":67},"end":{"line":95,"column":1}},"line":18},"1":{"name":"(anonymous_1)","decl":{"start":{"line":22,"column":23},"end":{"line":22,"column":24}},"loc":{"start":{"line":22,"column":35},"end":{"line":46,"column":3}},"line":22},"2":{"name":"(anonymous_2)","decl":{"start":{"line":33,"column":8},"end":{"line":33,"column":9}},"loc":{"start":{"line":33,"column":52},"end":{"line":33,"column":69}},"line":33}},"branchMap":{"0":{"loc":{"start":{"line":23,"column":4},"end":{"line":26,"column":5}},"type":"if","locations":[{"start":{"line":23,"column":4},"end":{"line":26,"column":5}},{"start":{},"end":{}}],"line":23},"1":{"loc":{"start":{"line":23,"column":8},"end":{"line":23,"column":27}},"type":"binary-expr","locations":[{"start":{"line":23,"column":8},"end":{"line":23,"column":14}},{"start":{"line":23,"column":18},"end":{"line":23,"column":27}}],"line":23},"2":{"loc":{"start":{"line":30,"column":20},"end":{"line":30,"column":58}},"type":"cond-expr","locations":[{"start":{"line":30,"column":32},"end":{"line":30,"column":53}},{"start":{"line":30,"column":56},"end":{"line":30,"column":58}}],"line":30},"3":{"loc":{"start":{"line":36,"column":6},"end":{"line":42,"column":7}},"type":"if","locations":[{"start":{"line":36,"column":6},"end":{"line":42,"column":7}},{"start":{},"end":{}}],"line":36},"4":{"loc":{"start":{"line":37,"column":8},"end":{"line":41,"column":9}},"type":"if","locations":[{"start":{"line":37,"column":8},"end":{"line":41,"column":9}},{"start":{"line":39,"column":15},"end":{"line":41,"column":9}}],"line":37},"5":{"loc":{"start":{"line":50,"column":16},"end":{"line":50,"column":60}},"type":"cond-expr","locations":[{"start":{"line":50,"column":40},"end":{"line":50,"column":49}},{"start":{"line":50,"column":52},"end":{"line":50,"column":60}}],"line":50}},"s":{"0":5,"1":5,"2":5,"3":1,"4":1,"5":1,"6":0,"7":0,"8":0,"9":0,"10":0,"11":0,"12":0,"13":0,"14":0,"15":0,"16":5},"f":{"0":5,"1":1,"2":0},"b":{"0":[1,0],"1":[1,0],"2":[0,0],"3":[0,0],"4":[0,0],"5":[5,0]},"_coverageSchema":"1a1c01bbd47fc00a2c39e90264f33305004495a9","hash":"875819a6f5e01b32bf8101043c343a85b7894900"}
,"C:\\Users\\n\\OneDrive\\Desktop\\withinMancity\\components\\Form\\Register.tsx": {"path":"C:\\Users\\n\\OneDrive\\Desktop\\withinMancity\\components\\Form\\Register.tsx","statementMap":{"0":{"start":{"line":20,"column":38},"end":{"line":172,"column":1}},"1":{"start":{"line":21,"column":26},"end":{"line":21,"column":38}},"2":{"start":{"line":22,"column":28},"end":{"line":22,"column":40}},"3":{"start":{"line":23,"column":34},"end":{"line":23,"column":46}},"4":{"start":{"line":24,"column":32},"end":{"line":24,"column":47}},"5":{"start":{"line":25,"column":46},"end":{"line":25,"column":58}},"6":{"start":{"line":27,"column":24},"end":{"line":30,"column":3}},"7":{"start":{"line":28,"column":23},"end":{"line":28,"column":51}},"8":{"start":{"line":29,"column":4},"end":{"line":29,"column":34}},"9":{"start":{"line":32,"column":27},"end":{"line":35,"column":3}},"10":{"start":{"line":33,"column":26},"end":{"line":33,"column":96}},"11":{"start":{"line":34,"column":4},"end":{"line":34,"column":40}},"12":{"start":{"line":37,"column":28},"end":{"line":52,"column":3}},"13":{"start":{"line":38,"column":4},"end":{"line":51,"column":5}},"14":{"start":{"line":39,"column":28},"end":{"line":39,"column":73}},"15":{"start":{"line":40,"column":6},"end":{"line":45,"column":7}},"16":{"start":{"line":41,"column":22},"end":{"line":41,"column":47}},"17":{"start":{"line":42,"column":8},"end":{"line":44,"column":10}},"18":{"start":{"line":43,"column":39},"end":{"line":43,"column":63}},"19":{"start":{"line":46,"column":6},"end":{"line":46,"column":19}},"20":{"start":{"line":48,"column":6},"end":{"line":48,"column":56}},"21":{"start":{"line":49,"column":6},"end":{"line":49,"column":80}},"22":{"start":{"line":50,"column":6},"end":{"line":50,"column":19}},"23":{"start":{"line":54,"column":27},"end":{"line":80,"column":3}},"24":{"start":{"line":55,"column":4},"end":{"line":79,"column":5}},"25":{"start":{"line":56,"column":6},"end":{"line":56,"column":23}},"26":{"start":{"line":58,"column":25},"end":{"line":58,"column":55}},"27":{"start":{"line":59,"column":6},"end":{"line":63,"column":7}},"28":{"start":{"line":60,"column":8},"end":{"line":60,"column":68}},"29":{"start":{"line":61,"column":8},"end":{"line":61,"column":26}},"30":{"start":{"line":62,"column":8},"end":{"line":62,"column":21}},"31":{"start":{"line":65,"column":28},"end":{"line":65,"column":73}},"32":{"start":{"line":66,"column":20},"end":{"line":66,"column":66}},"33":{"start":{"line":67,"column":6},"end":{"line":67,"column":44}},"34":{"start":{"line":68,"column":6},"end":{"line":68,"column":52}},"35":{"start":{"line":70,"column":6},"end":{"line":70,"column":75}},"36":{"start":{"line":71,"column":6},"end":{"line":71,"column":24}},"37":{"start":{"line":72,"column":6},"end":{"line":72,"column":52}},"38":{"start":{"line":73,"column":6},"end":{"line":73,"column":18}},"39":{"start":{"line":75,"column":6},"end":{"line":75,"column":55}},"40":{"start":{"line":76,"column":6},"end":{"line":76,"column":24}},"41":{"start":{"line":77,"column":6},"end":{"line":77,"column":69}},"42":{"start":{"line":78,"column":6},"end":{"line":78,"column":19}},"43":{"start":{"line":82,"column":23},"end":{"line":106,"column":3}},"44":{"start":{"line":83,"column":4},"end":{"line":86,"column":5}},"45":{"start":{"line":84,"column":6},"end":{"line":84,"column":67}},"46":{"start":{"line":85,"column":6},"end":{"line":85,"column":13}},"47":{"start":{"line":88,"column":4},"end":{"line":91,"column":5}},"48":{"start":{"line":89,"column":6},"end":{"line":89,"column":52}},"49":{"start":{"line":90,"column":6},"end":{"line":90,"column":13}},"50":{"start":{"line":93,"column":4},"end":{"line":99,"column":5}},"51":{"start":{"line":94,"column":6},"end":{"line":97,"column":8}},"52":{"start":{"line":98,"column":6},"end":{"line":98,"column":13}},"53":{"start":{"line":101,"column":35},"end":{"line":101,"column":59}},"54":{"start":{"line":102,"column":4},"end":{"line":105,"column":5}},"55":{"start":{"line":103,"column":6},"end":{"line":103,"column":57}},"56":{"start":{"line":104,"column":6},"end":{"line":104,"column":26}},"57":{"start":{"line":108,"column":2},"end":{"line":171,"column":4}}},"fnMap":{"0":{"name":"(anonymous_0)","decl":{"start":{"line":20,"column":38},"end":{"line":20,"column":39}},"loc":{"start":{"line":20,"column":65},"end":{"line":172,"column":1}},"line":20},"1":{"name":"(anonymous_1)","decl":{"start":{"line":27,"column":24},"end":{"line":27,"column":25}},"loc":{"start":{"line":27,"column":43},"end":{"line":30,"column":3}},"line":27},"2":{"name":"(anonymous_2)","decl":{"start":{"line":32,"column":27},"end":{"line":32,"column":28}},"loc":{"start":{"line":32,"column":49},"end":{"line":35,"column":3}},"line":32},"3":{"name":"(anonymous_3)","decl":{"start":{"line":37,"column":28},"end":{"line":37,"column":29}},"loc":{"start":{"line":37,"column":57},"end":{"line":52,"column":3}},"line":37},"4":{"name":"(anonymous_4)","decl":{"start":{"line":43,"column":10},"end":{"line":43,"column":11}},"loc":{"start":{"line":43,"column":39},"end":{"line":43,"column":63}},"line":43},"5":{"name":"(anonymous_5)","decl":{"start":{"line":54,"column":27},"end":{"line":54,"column":28}},"loc":{"start":{"line":54,"column":39},"end":{"line":80,"column":3}},"line":54},"6":{"name":"(anonymous_6)","decl":{"start":{"line":82,"column":23},"end":{"line":82,"column":24}},"loc":{"start":{"line":82,"column":35},"end":{"line":106,"column":3}},"line":82}},"branchMap":{"0":{"loc":{"start":{"line":40,"column":6},"end":{"line":45,"column":7}},"type":"if","locations":[{"start":{"line":40,"column":6},"end":{"line":45,"column":7}},{"start":{},"end":{}}],"line":40},"1":{"loc":{"start":{"line":59,"column":6},"end":{"line":63,"column":7}},"type":"if","locations":[{"start":{"line":59,"column":6},"end":{"line":63,"column":7}},{"start":{},"end":{}}],"line":59},"2":{"loc":{"start":{"line":66,"column":20},"end":{"line":66,"column":66}},"type":"cond-expr","locations":[{"start":{"line":66,"column":36},"end":{"line":66,"column":61}},{"start":{"line":66,"column":64},"end":{"line":66,"column":66}}],"line":66},"3":{"loc":{"start":{"line":83,"column":4},"end":{"line":86,"column":5}},"type":"if","locations":[{"start":{"line":83,"column":4},"end":{"line":86,"column":5}},{"start":{},"end":{}}],"line":83},"4":{"loc":{"start":{"line":83,"column":8},"end":{"line":83,"column":36}},"type":"binary-expr","locations":[{"start":{"line":83,"column":8},"end":{"line":83,"column":13}},{"start":{"line":83,"column":17},"end":{"line":83,"column":23}},{"start":{"line":83,"column":27},"end":{"line":83,"column":36}}],"line":83},"5":{"loc":{"start":{"line":88,"column":4},"end":{"line":91,"column":5}},"type":"if","locations":[{"start":{"line":88,"column":4},"end":{"line":91,"column":5}},{"start":{},"end":{}}],"line":88},"6":{"loc":{"start":{"line":93,"column":4},"end":{"line":99,"column":5}},"type":"if","locations":[{"start":{"line":93,"column":4},"end":{"line":99,"column":5}},{"start":{},"end":{}}],"line":93},"7":{"loc":{"start":{"line":102,"column":4},"end":{"line":105,"column":5}},"type":"if","locations":[{"start":{"line":102,"column":4},"end":{"line":105,"column":5}},{"start":{},"end":{}}],"line":102},"8":{"loc":{"start":{"line":110,"column":16},"end":{"line":110,"column":60}},"type":"cond-expr","locations":[{"start":{"line":110,"column":40},"end":{"line":110,"column":49}},{"start":{"line":110,"column":52},"end":{"line":110,"column":60}}],"line":110},"9":{"loc":{"start":{"line":149,"column":11},"end":{"line":153,"column":11}},"type":"binary-expr","locations":[{"start":{"line":149,"column":11},"end":{"line":149,"column":18}},{"start":{"line":150,"column":12},"end":{"line":152,"column":19}}],"line":149}},"s":{"0":1,"1":9,"2":9,"3":9,"4":9,"5":9,"6":9,"7":0,"8":0,"9":9,"10":0,"11":0,"12":9,"13":0,"14":0,"15":0,"16":0,"17":0,"18":0,"19":0,"20":0,"21":0,"22":0,"23":9,"24":0,"25":0,"26":0,"27":0,"28":0,"29":0,"30":0,"31":0,"32":0,"33":0,"34":0,"35":0,"36":0,"37":0,"38":0,"39":0,"40":0,"41":0,"42":0,"43":9,"44":0,"45":0,"46":0,"47":0,"48":0,"49":0,"50":0,"51":0,"52":0,"53":0,"54":0,"55":0,"56":0,"57":9},"f":{"0":9,"1":0,"2":0,"3":0,"4":0,"5":0,"6":0},"b":{"0":[0,0],"1":[0,0],"2":[0,0],"3":[0,0],"4":[0,0,0],"5":[0,0],"6":[0,0],"7":[0,0],"8":[9,0],"9":[9,0]},"_coverageSchema":"1a1c01bbd47fc00a2c39e90264f33305004495a9","hash":"99ecbc02bfd0fdac0f771a0d41c2af32f9162813"}
}
