TN:
SF:app\(tabs)\Fixture.jsx
FN:5,(anonymous_0)
FN:12,(anonymous_1)
FN:16,(anonymous_2)
FN:33,(anonymous_3)
FN:38,(anonymous_4)
FN:61,(anonymous_5)
FN:66,(anonymous_6)
FN:79,(anonymous_7)
FN:80,(anonymous_8)
FNF:9
FNH:7
FNDA:24,(anonymous_0)
FNDA:5,(anonymous_1)
FNDA:5,(anonymous_2)
FNDA:0,(anonymous_3)
FNDA:22,(anonymous_4)
FNDA:0,(anonymous_5)
FNDA:1,(anonymous_6)
FNDA:9,(anonymous_7)
FNDA:5,(anonymous_8)
DA:5,1
DA:6,24
DA:7,24
DA:8,24
DA:9,24
DA:10,24
DA:12,24
DA:13,5
DA:16,24
DA:17,5
DA:18,5
DA:19,5
DA:22,4
DA:23,4
DA:25,1
DA:26,1
DA:28,5
DA:29,5
DA:33,24
DA:34,0
DA:35,0
DA:38,24
DA:39,22
DA:46,24
DA:47,13
DA:55,11
DA:61,0
DA:66,1
DA:79,9
DA:81,5
LF:30
LH:27
BRDA:19,0,0,4
BRDA:19,0,1,1
BRDA:22,1,0,4
BRDA:22,1,1,0
BRDA:41,2,0,11
BRDA:41,2,1,11
BRDA:42,3,0,11
BRDA:42,3,1,11
BRDA:46,4,0,13
BRDA:46,4,1,11
BRDA:46,5,0,24
BRDA:46,5,1,13
BRDA:70,6,0,2
BRDA:70,6,1,9
BRDA:92,7,0,5
BRDA:92,7,1,0
BRDA:103,8,0,0
BRDA:103,8,1,5
BRDA:108,9,0,5
BRDA:108,9,1,5
BRDA:108,9,2,0
BRF:21
BRH:17
end_of_record
TN:
SF:assets\images\mancity.png
FNF:0
FNH:0
DA:1,1
LF:1
LH:1
BRF:0
BRH:0
end_of_record
TN:
SF:components\Form\CustomTextInput.tsx
FN:14,(anonymous_0)
FNF:1
FNH:1
FNDA:37,(anonymous_0)
DA:14,2
DA:22,37
LF:2
LH:2
BRDA:19,0,0,23
BRDA:20,1,0,23
BRF:2
BRH:2
end_of_record
TN:
SF:components\Form\Login.tsx
FN:18,Login
FN:22,(anonymous_1)
FN:33,(anonymous_2)
FNF:3
FNH:2
FNDA:5,Login
FNDA:1,(anonymous_1)
FNDA:0,(anonymous_2)
DA:19,5
DA:20,5
DA:22,5
DA:23,1
DA:24,1
DA:25,1
DA:28,0
DA:29,0
DA:30,0
DA:32,0
DA:33,0
DA:36,0
DA:37,0
DA:38,0
DA:40,0
DA:44,0
DA:48,5
LF:17
LH:7
BRDA:23,0,0,1
BRDA:23,0,1,0
BRDA:23,1,0,1
BRDA:23,1,1,0
BRDA:30,2,0,0
BRDA:30,2,1,0
BRDA:36,3,0,0
BRDA:36,3,1,0
BRDA:37,4,0,0
BRDA:37,4,1,0
BRDA:50,5,0,5
BRDA:50,5,1,0
BRF:12
BRH:3
end_of_record
TN:
SF:components\Form\Register.tsx
FN:20,(anonymous_0)
FN:27,(anonymous_1)
FN:32,(anonymous_2)
FN:37,(anonymous_3)
FN:43,(anonymous_4)
FN:54,(anonymous_5)
FN:82,(anonymous_6)
FNF:7
FNH:1
FNDA:9,(anonymous_0)
FNDA:0,(anonymous_1)
FNDA:0,(anonymous_2)
FNDA:0,(anonymous_3)
FNDA:0,(anonymous_4)
FNDA:0,(anonymous_5)
FNDA:0,(anonymous_6)
DA:20,1
DA:21,9
DA:22,9
DA:23,9
DA:24,9
DA:25,9
DA:27,9
DA:28,0
DA:29,0
DA:32,9
DA:33,0
DA:34,0
DA:37,9
DA:38,0
DA:39,0
DA:40,0
DA:41,0
DA:42,0
DA:43,0
DA:46,0
DA:48,0
DA:49,0
DA:50,0
DA:54,9
DA:55,0
DA:56,0
DA:58,0
DA:59,0
DA:60,0
DA:61,0
DA:62,0
DA:65,0
DA:66,0
DA:67,0
DA:68,0
DA:70,0
DA:71,0
DA:72,0
DA:73,0
DA:75,0
DA:76,0
DA:77,0
DA:78,0
DA:82,9
DA:83,0
DA:84,0
DA:85,0
DA:88,0
DA:89,0
DA:90,0
DA:93,0
DA:94,0
DA:98,0
DA:101,0
DA:102,0
DA:103,0
DA:104,0
DA:108,9
LF:58
LH:12
BRDA:40,0,0,0
BRDA:40,0,1,0
BRDA:59,1,0,0
BRDA:59,1,1,0
BRDA:66,2,0,0
BRDA:66,2,1,0
BRDA:83,3,0,0
BRDA:83,3,1,0
BRDA:83,4,0,0
BRDA:83,4,1,0
BRDA:83,4,2,0
BRDA:88,5,0,0
BRDA:88,5,1,0
BRDA:93,6,0,0
BRDA:93,6,1,0
BRDA:102,7,0,0
BRDA:102,7,1,0
BRDA:110,8,0,9
BRDA:110,8,1,0
BRDA:149,9,0,9
BRDA:149,9,1,0
BRF:21
BRH:2
end_of_record
